{"/Users/guuibayer/Desktop/momentum/src/components/Navigation/Context.js": {"path":"/Users/guuibayer/Desktop/momentum/src/components/Navigation/Context.js","statementMap":{"0":{"start":{"line":4,"column":16},"end":{"line":4,"column":31}},"1":{"start":{"line":12,"column":36},"end":{"line":12,"column":62}},"2":{"start":{"line":13,"column":38},"end":{"line":13,"column":65}},"3":{"start":{"line":15,"column":2},"end":{"line":17,"column":18}},"4":{"start":{"line":16,"column":4},"end":{"line":16,"column":46}},"5":{"start":{"line":19,"column":2},"end":{"line":30,"column":3}},"6":{"start":{"line":33,"column":0},"end":{"line":35,"column":1}},"7":{"start":{"line":37,"column":0},"end":{"line":80,"column":1}},"8":{"start":{"line":82,"column":17},"end":{"line":82,"column":33}}},"fnMap":{"0":{"name":"Provider","decl":{"start":{"line":6,"column":9},"end":{"line":6,"column":17}},"loc":{"start":{"line":11,"column":3},"end":{"line":31,"column":1}},"line":11},"1":{"name":"(anonymous_1)","decl":{"start":{"line":15,"column":12},"end":{"line":15,"column":13}},"loc":{"start":{"line":15,"column":18},"end":{"line":17,"column":3}},"line":15},"2":{"name":"(anonymous_2)","decl":{"start":{"line":34,"column":15},"end":{"line":34,"column":16}},"loc":{"start":{"line":34,"column":21},"end":{"line":34,"column":23}},"line":34}},"branchMap":{},"s":{"0":1,"1":12,"2":12,"3":12,"4":5,"5":12,"6":1,"7":1,"8":1},"f":{"0":12,"1":5,"2":5},"b":{},"_coverageSchema":"43e27e138ebf9cfc5966b082cf9a028302ed4184","hash":"987156107d793df3f5579491f61ac0434ddf86bd"}
}
